Performing C SOURCE FILE Test CMAKE_HAVE_LIBC_PTHREAD failed with the following output:
Change Dir: /home/user_robohub2/catkin_ws/build/fanuc_m20ib_moveit_plugins/CMakeFiles/CMakeTmp

Run Build Command(s):/usr/bin/make cmTC_8e187/fast && /usr/bin/make -f CMakeFiles/cmTC_8e187.dir/build.make CMakeFiles/cmTC_8e187.dir/build
make[1]: Entering directory '/home/user_robohub2/catkin_ws/build/fanuc_m20ib_moveit_plugins/CMakeFiles/CMakeTmp'
Building C object CMakeFiles/cmTC_8e187.dir/src.c.o
/usr/bin/cc   -DCMAKE_HAVE_LIBC_PTHREAD   -o CMakeFiles/cmTC_8e187.dir/src.c.o   -c /home/user_robohub2/catkin_ws/build/fanuc_m20ib_moveit_plugins/CMakeFiles/CMakeTmp/src.c
Linking C executable cmTC_8e187
/usr/bin/cmake -E cmake_link_script CMakeFiles/cmTC_8e187.dir/link.txt --verbose=1
/usr/bin/cc  -DCMAKE_HAVE_LIBC_PTHREAD    -rdynamic CMakeFiles/cmTC_8e187.dir/src.c.o  -o cmTC_8e187 
/usr/bin/ld: CMakeFiles/cmTC_8e187.dir/src.c.o: in function `main':
src.c:(.text+0x46): undefined reference to `pthread_create'
/usr/bin/ld: src.c:(.text+0x52): undefined reference to `pthread_detach'
/usr/bin/ld: src.c:(.text+0x63): undefined reference to `pthread_join'
collect2: error: ld returned 1 exit status
make[1]: *** [CMakeFiles/cmTC_8e187.dir/build.make:87: cmTC_8e187] Error 1
make[1]: Leaving directory '/home/user_robohub2/catkin_ws/build/fanuc_m20ib_moveit_plugins/CMakeFiles/CMakeTmp'
make: *** [Makefile:121: cmTC_8e187/fast] Error 2


Source file was:
#include <pthread.h>

void* test_func(void* data)
{
  return data;
}

int main(void)
{
  pthread_t thread;
  pthread_create(&thread, NULL, test_func, NULL);
  pthread_detach(thread);
  pthread_join(thread, NULL);
  pthread_atfork(NULL, NULL, NULL);
  pthread_exit(NULL);

  return 0;
}

Determining if the function pthread_create exists in the pthreads failed with the following output:
Change Dir: /home/user_robohub2/catkin_ws/build/fanuc_m20ib_moveit_plugins/CMakeFiles/CMakeTmp

Run Build Command(s):/usr/bin/make cmTC_53eeb/fast && /usr/bin/make -f CMakeFiles/cmTC_53eeb.dir/build.make CMakeFiles/cmTC_53eeb.dir/build
make[1]: Entering directory '/home/user_robohub2/catkin_ws/build/fanuc_m20ib_moveit_plugins/CMakeFiles/CMakeTmp'
Building C object CMakeFiles/cmTC_53eeb.dir/CheckFunctionExists.c.o
/usr/bin/cc   -DCHECK_FUNCTION_EXISTS=pthread_create   -o CMakeFiles/cmTC_53eeb.dir/CheckFunctionExists.c.o   -c /usr/share/cmake-3.16/Modules/CheckFunctionExists.c
Linking C executable cmTC_53eeb
/usr/bin/cmake -E cmake_link_script CMakeFiles/cmTC_53eeb.dir/link.txt --verbose=1
/usr/bin/cc  -DCHECK_FUNCTION_EXISTS=pthread_create    -rdynamic CMakeFiles/cmTC_53eeb.dir/CheckFunctionExists.c.o  -o cmTC_53eeb  -lpthreads 
/usr/bin/ld: cannot find -lpthreads
collect2: error: ld returned 1 exit status
make[1]: *** [CMakeFiles/cmTC_53eeb.dir/build.make:87: cmTC_53eeb] Error 1
make[1]: Leaving directory '/home/user_robohub2/catkin_ws/build/fanuc_m20ib_moveit_plugins/CMakeFiles/CMakeTmp'
make: *** [Makefile:121: cmTC_53eeb/fast] Error 2



Determining if the function sgemm_ exists failed with the following output:
Change Dir: /home/user_robohub2/catkin_ws/build/fanuc_m20ib_moveit_plugins/CMakeFiles/CMakeTmp

Run Build Command(s):/usr/bin/make cmTC_81ff3/fast && /usr/bin/make -f CMakeFiles/cmTC_81ff3.dir/build.make CMakeFiles/cmTC_81ff3.dir/build
make[1]: Entering directory '/home/user_robohub2/catkin_ws/build/fanuc_m20ib_moveit_plugins/CMakeFiles/CMakeTmp'
Building C object CMakeFiles/cmTC_81ff3.dir/CheckFunctionExists.c.o
/usr/bin/cc   -DCHECK_FUNCTION_EXISTS=sgemm_   -o CMakeFiles/cmTC_81ff3.dir/CheckFunctionExists.c.o   -c /usr/share/cmake-3.16/Modules/CheckFunctionExists.c
Linking C executable cmTC_81ff3
/usr/bin/cmake -E cmake_link_script CMakeFiles/cmTC_81ff3.dir/link.txt --verbose=1
/usr/bin/cc  -DCHECK_FUNCTION_EXISTS=sgemm_    -rdynamic CMakeFiles/cmTC_81ff3.dir/CheckFunctionExists.c.o  -o cmTC_81ff3 
/usr/bin/ld: CMakeFiles/cmTC_81ff3.dir/CheckFunctionExists.c.o: in function `main':
CheckFunctionExists.c:(.text+0x14): undefined reference to `sgemm_'
collect2: error: ld returned 1 exit status
make[1]: *** [CMakeFiles/cmTC_81ff3.dir/build.make:87: cmTC_81ff3] Error 1
make[1]: Leaving directory '/home/user_robohub2/catkin_ws/build/fanuc_m20ib_moveit_plugins/CMakeFiles/CMakeTmp'
make: *** [Makefile:121: cmTC_81ff3/fast] Error 2



Determining if the function cheev_ exists failed with the following output:
Change Dir: /home/user_robohub2/catkin_ws/build/fanuc_m20ib_moveit_plugins/CMakeFiles/CMakeTmp

Run Build Command(s):/usr/bin/make cmTC_746cf/fast && /usr/bin/make -f CMakeFiles/cmTC_746cf.dir/build.make CMakeFiles/cmTC_746cf.dir/build
make[1]: Entering directory '/home/user_robohub2/catkin_ws/build/fanuc_m20ib_moveit_plugins/CMakeFiles/CMakeTmp'
Building C object CMakeFiles/cmTC_746cf.dir/CheckFunctionExists.c.o
/usr/bin/cc   -DCHECK_FUNCTION_EXISTS=cheev_   -o CMakeFiles/cmTC_746cf.dir/CheckFunctionExists.c.o   -c /usr/share/cmake-3.16/Modules/CheckFunctionExists.c
Linking C executable cmTC_746cf
/usr/bin/cmake -E cmake_link_script CMakeFiles/cmTC_746cf.dir/link.txt --verbose=1
/usr/bin/cc  -DCHECK_FUNCTION_EXISTS=cheev_    -rdynamic CMakeFiles/cmTC_746cf.dir/CheckFunctionExists.c.o  -o cmTC_746cf  /usr/lib/x86_64-linux-gnu/libblas.so 
/usr/bin/ld: CMakeFiles/cmTC_746cf.dir/CheckFunctionExists.c.o: in function `main':
CheckFunctionExists.c:(.text+0x14): undefined reference to `cheev_'
collect2: error: ld returned 1 exit status
make[1]: *** [CMakeFiles/cmTC_746cf.dir/build.make:88: cmTC_746cf] Error 1
make[1]: Leaving directory '/home/user_robohub2/catkin_ws/build/fanuc_m20ib_moveit_plugins/CMakeFiles/CMakeTmp'
make: *** [Makefile:121: cmTC_746cf/fast] Error 2



